SF:lib/model/launch_model.dart
DA:8,0
DA:11,0
DA:12,0
DA:15,0
DA:17,0
DA:18,0
DA:19,0
DA:20,0
DA:21,0
DA:36,0
DA:37,0
DA:40,1
DA:41,1
DA:43,3
DA:46,3
DA:47,3
DA:49,1
DA:51,1
DA:52,1
DA:53,1
DA:55,1
DA:56,1
DA:57,1
DA:58,1
DA:61,1
DA:78,1
DA:80,3
DA:82,3
DA:83,1
DA:84,1
DA:87,1
DA:95,1
DA:96,3
DA:99,1
DA:106,1
DA:107,1
DA:108,2
DA:109,2
DA:112,1
LF:39
LH:28
end_of_record
SF:lib/model/rocket_model.dart
DA:16,1
DA:17,2
DA:18,2
DA:19,2
DA:21,2
DA:22,1
DA:24,1
DA:25,1
DA:30,1
DA:31,2
DA:32,1
DA:33,1
DA:35,1
DA:36,1
DA:39,1
DA:58,1
DA:59,1
DA:60,4
DA:63,1
DA:70,1
DA:71,1
DA:72,4
DA:75,1
DA:82,1
DA:83,3
DA:86,1
DA:95,1
DA:96,1
DA:97,2
DA:98,2
DA:99,1
DA:100,1
DA:103,1
DA:104,4
DA:107,1
LF:35
LH:35
end_of_record
SF:lib/model/launch_pad_model.dart
DA:14,1
DA:15,2
DA:17,1
DA:18,1
DA:19,1
DA:20,1
DA:21,1
DA:22,1
DA:23,1
DA:24,1
DA:25,1
DA:26,1
DA:27,1
DA:28,1
DA:31,1
LF:15
LH:15
end_of_record
